2014-11-01 1:13:51 - PHP Notice:  Undefined variable: text_edit in D:\server\OpenServer\domains\mili\admin\view\template\setting\setting.tpl on line 29
2014-11-01 15:25:56 - PHP Notice:  Undefined variable: text_edit in D:\server\OpenServer\domains\mili\admin\view\template\setting\setting.tpl on line 29
2014-11-01 17:21:45 - PHP Notice:  Undefined variable: text_edit in D:\server\OpenServer\domains\mili\admin\view\template\setting\setting.tpl on line 29
2014-11-01 17:22:36 - PHP Notice:  Undefined variable: text_edit in D:\server\OpenServer\domains\mili\admin\view\template\setting\setting.tpl on line 29
2014-11-01 17:43:11 - PHP Notice:  Undefined variable: content_menu in D:\server\OpenServer\domains\mili\catalog\view\theme\default\template\common\footer.tpl on line 1
2014-11-01 17:44:01 - PHP Notice:  Undefined variable: content_menu in D:\server\OpenServer\domains\mili\catalog\view\theme\default\template\common\footer.tpl on line 1
2014-11-01 17:44:59 - PHP Notice:  Undefined variable: content_menu in D:\server\OpenServer\domains\mili\catalog\view\theme\default\template\common\footer.tpl on line 1
2014-11-01 17:45:07 - PHP Notice:  Undefined variable: content_menu in D:\server\OpenServer\domains\mili\catalog\view\theme\default\template\common\footer.tpl on line 1
2014-11-01 18:14:39 - PHP Notice:  Error: Could not load template D:\server\OpenServer\domains\mili/catalog/view/theme/default/template/module/display.tpl! in D:\server\OpenServer\domains\mili\system\engine\loader.php on line 45
2014-11-01 18:20:05 - PHP Notice:  Undefined variable: text_edit in D:\server\OpenServer\domains\mili\admin\view\template\setting\setting.tpl on line 29
2014-11-01 20:32:42 - PHP Notice:  Undefined variable: text_edit in D:\server\OpenServer\domains\mili\admin\view\template\setting\setting.tpl on line 29
2014-11-01 20:33:02 - PHP Notice:  Undefined variable: text_edit in D:\server\OpenServer\domains\mili\admin\view\template\setting\setting.tpl on line 29
2014-11-01 22:34:59 - PHP Notice:  Undefined index: height in D:\server\OpenServer\domains\mili\admin\controller\module\latest.php on line 111
2014-11-01 22:34:59 - PHP Notice:  Undefined index: height in D:\server\OpenServer\domains\mili\admin\controller\module\latest.php on line 93
2014-11-01 22:37:56 - PHP Notice:  Undefined index: image_width in D:\server\OpenServer\domains\mili\admin\controller\module\bestseller.php on line 111
2014-11-09 2:30:41 - PHP Notice:  Undefined variable: class in D:\server\OpenServer\domains\mili\catalog\view\theme\default\template\common\home.tpl on line 5
2014-11-09 2:31:40 - PHP Notice:  Undefined variable: class in D:\server\OpenServer\domains\mili\catalog\view\theme\default\template\common\home.tpl on line 5
2014-11-09 2:32:32 - PHP Notice:  Undefined variable: class in D:\server\OpenServer\domains\mili\catalog\view\theme\default\template\common\home.tpl on line 5
2014-11-09 2:33:51 - PHP Notice:  Undefined variable: class in D:\server\OpenServer\domains\mili\catalog\view\theme\default\template\common\home.tpl on line 5
2014-11-09 2:34:59 - PHP Notice:  Undefined variable: class in D:\server\OpenServer\domains\mili\catalog\view\theme\default\template\common\home.tpl on line 5
2014-11-09 2:38:44 - PHP Notice:  Undefined variable: class in D:\server\OpenServer\domains\mili\catalog\view\theme\default\template\common\home.tpl on line 5
2014-11-09 2:40:52 - PHP Notice:  Undefined variable: class in D:\server\OpenServer\domains\mili\catalog\view\theme\default\template\common\home.tpl on line 5
2014-11-09 2:41:17 - PHP Notice:  Undefined variable: class in D:\server\OpenServer\domains\mili\catalog\view\theme\default\template\common\home.tpl on line 5
2014-11-09 2:41:34 - PHP Notice:  Undefined variable: class in D:\server\OpenServer\domains\mili\catalog\view\theme\default\template\common\home.tpl on line 5
2014-11-09 2:42:10 - PHP Notice:  Undefined variable: class in D:\server\OpenServer\domains\mili\catalog\view\theme\default\template\common\home.tpl on line 5
2014-11-09 2:42:35 - PHP Notice:  Undefined variable: class in D:\server\OpenServer\domains\mili\catalog\view\theme\default\template\common\home.tpl on line 5
2014-11-09 2:53:49 - PHP Notice:  Undefined variable: content_up in D:\server\OpenServer\domains\mili\admin\view\template\design\layout_form.tpl on line 195
2014-11-09 2:54:08 - PHP Notice:  Undefined variable: content_up in D:\server\OpenServer\domains\mili\admin\view\template\design\layout_form.tpl on line 195
2014-11-27 1:09:12 - PHP Notice:  Undefined variable: shipping in D:\server\OpenServer\domains\mili\catalog\view\theme\default\template\product\product.tpl on line 351
2014-11-27 1:41:47 - PHP Notice:  Undefined variable: shipping in D:\server\OpenServer\domains\mili\catalog\view\theme\default\template\product\product.tpl on line 351
2014-11-27 1:44:34 - PHP Notice:  Undefined variable: shipping in D:\server\OpenServer\domains\mili\catalog\view\theme\default\template\product\product.tpl on line 351
2014-11-27 1:54:53 - PHP Notice:  Undefined variable: rate in D:\server\OpenServer\domains\mili\catalog\view\theme\default\template\product\shipping.tpl on line 132
2014-11-27 2:06:16 - PHP Notice:  Undefined variable: rate in D:\server\OpenServer\domains\mili\catalog\view\theme\default\template\product\shipping.tpl on line 132
2014-11-29 0:47:07 - PHP Notice:  Undefined variable: rate in D:\server\OpenServer\domains\mili\catalog\view\theme\default\template\product\shipping.tpl on line 132
2014-12-07 12:19:46 - PHP Notice:  Undefined variable: rate in D:\server\OpenServer\domains\mili\catalog\view\theme\default\template\product\shipping.tpl on line 132
2014-12-07 12:27:10 - PHP Notice:  Undefined variable: rate in D:\server\OpenServer\domains\mili\catalog\view\theme\default\template\product\shipping.tpl on line 132
2014-12-07 12:32:41 - PHP Notice:  Undefined variable: rate in D:\server\OpenServer\domains\mili\catalog\view\theme\default\template\product\shipping.tpl on line 132
2014-12-07 12:33:52 - PHP Notice:  Undefined variable: text_edit in D:\server\OpenServer\domains\mili\admin\view\template\setting\setting.tpl on line 29
2014-12-07 12:34:16 - PHP Notice:  Undefined variable: rate in D:\server\OpenServer\domains\mili\catalog\view\theme\default\template\product\shipping.tpl on line 132
2014-12-07 12:34:23 - PHP Notice:  Undefined variable: rate in D:\server\OpenServer\domains\mili\catalog\view\theme\default\template\product\shipping.tpl on line 132
2014-12-07 12:35:05 - PHP Notice:  Undefined variable: text_edit in D:\server\OpenServer\domains\mili\admin\view\template\setting\setting.tpl on line 29
2014-12-07 12:36:03 - PHP Notice:  Undefined variable: rate in D:\server\OpenServer\domains\mili\catalog\view\theme\default\template\product\shipping.tpl on line 132
2014-12-07 12:43:00 - PHP Notice:  Undefined variable: rate in D:\server\OpenServer\domains\mili\catalog\view\theme\default\template\product\shipping.tpl on line 132
2014-12-07 12:43:09 - PHP Notice:  Undefined variable: rate in D:\server\OpenServer\domains\mili\catalog\view\theme\default\template\product\shipping.tpl on line 132
2014-12-07 12:43:17 - PHP Notice:  Undefined variable: rate in D:\server\OpenServer\domains\mili\catalog\view\theme\default\template\product\shipping.tpl on line 132
2014-12-07 12:44:10 - PHP Notice:  Undefined variable: rate in D:\server\OpenServer\domains\mili\catalog\view\theme\default\template\product\shipping.tpl on line 132
2014-12-07 12:44:16 - PHP Notice:  Undefined variable: rate in D:\server\OpenServer\domains\mili\catalog\view\theme\default\template\product\shipping.tpl on line 132
2014-12-07 12:44:57 - PHP Notice:  Undefined variable: rate in D:\server\OpenServer\domains\mili\catalog\view\theme\default\template\product\shipping.tpl on line 132
2014-12-07 12:45:02 - PHP Notice:  Undefined variable: rate in D:\server\OpenServer\domains\mili\catalog\view\theme\default\template\product\shipping.tpl on line 132
2014-12-07 12:45:29 - PHP Notice:  Undefined variable: rate in D:\server\OpenServer\domains\mili\catalog\view\theme\default\template\product\shipping.tpl on line 132
2014-12-07 12:49:22 - PHP Notice:  Undefined variable: rate in D:\server\OpenServer\domains\mili\catalog\view\theme\default\template\product\shipping.tpl on line 132
2014-12-07 12:49:52 - PHP Notice:  Undefined variable: rate in D:\server\OpenServer\domains\mili\catalog\view\theme\default\template\product\shipping.tpl on line 132
2014-12-07 12:49:58 - PHP Notice:  Undefined variable: rate in D:\server\OpenServer\domains\mili\catalog\view\theme\default\template\product\shipping.tpl on line 132
2014-12-07 12:50:21 - PHP Notice:  Undefined variable: rate in D:\server\OpenServer\domains\mili\catalog\view\theme\default\template\product\shipping.tpl on line 132
2014-12-07 18:38:44 - PHP Notice:  Undefined variable: rate in D:\server\OpenServer\domains\mili\catalog\view\theme\default\template\product\shipping.tpl on line 132
2014-12-07 18:39:26 - PHP Notice:  Undefined variable: rate in D:\server\OpenServer\domains\mili\catalog\view\theme\default\template\product\shipping.tpl on line 132
2014-12-07 18:55:19 - PHP Notice:  Undefined variable: rate in D:\server\OpenServer\domains\mili\catalog\view\theme\default\template\product\shipping.tpl on line 132
2014-12-07 19:01:35 - PHP Notice:  Undefined variable: rate in D:\server\OpenServer\domains\mili\catalog\view\theme\default\template\product\shipping.tpl on line 132
2014-12-07 19:11:30 - PHP Notice:  Undefined variable: rate in D:\server\OpenServer\domains\mili\catalog\view\theme\default\template\product\shipping.tpl on line 132
